// memory
80003458:memset
80003540:memcpy

// m_Do_ext.o
// text
8000EDF4:getArchiveHeapPtr

// d_stage
800266A4:roomTresureInit
80027D04:setTresure

// data
8044AD74:archiveHeap

// d_save.o
80032AA8:getRupeeMax
800350BC:getSave
800350F0:putSave

// d_event.o
80042778:defaultSkipStb
800429D4:skipper

// f_op_scene_req.o
// data
8044A754:freezeActors
8044AE20:isLoading

// f_ap_game.o
80018A6C:fapGm_Execute

// f_op_actor_mng.o
8001BBE8:createItemForPresentDemo
8001BC74:createItemForTrBoxDemo
8001C0D4:createItemForBoss
8001C174:createItemForMidBoss
8001C1B8:createItemForDirectGet

// d_map_path_dmap.o
8003EE5C:getMapPlayerPos

// d_item.o
80097F20:checkItemGet

// d_a_alink.h
800B2754:setStickData
800BB4F0:checkHeavyStateOn
8011A734:checkTreasureRupeeReturn
8011EA30:procGanonFinishInit
8011EAB0:procGanonFinish
800c782c:procCoMetamorphoseInit
800d8f74:procDamageInit
80136138:procWolfDamageInit

// data
80388C0C:climbVars

// d_menu_collect.o
801B3300:setWalletMaxNum

// d_meter2_draw.o
802154c4:setAlphaLifeAnimeMin
80215524:setAlphaLifeAnimeMax

// JKRHeap.o
802d1134:__nw_JKRHeap
802d11d8:__dl_JKRHeap

// JKRExpHeap.o
802D15C4:do_alloc_JKRExpHeap
802D1C48:do_free_JKRExpHeap

// OSCache.o
// 8033DA08:DCEnable
// 8033DA1C:DCInvalidateRange
8033DA48:DCFlushRange
// 8033DA78:DCStoreRange
// 8033DAA8:DCFlushRangeNoSync
// 8033DAD4:DCStoreRangeNoSync
// 8033DB00:DCZeroRange
8033DB2C:ICInvalidateRange
// 8033DB60:ICFlashInvalidate
// 8033DB70:ICEnable
// 8033DB84:__LCEnable
// 8033DC50:LCEnable
// 8033DC88:LCDisable
// 8033DCB0:LCStoreBlocks
// 8033DCD4:LCStoreData
// 8033DD80:LCQueueWait
// 8033DD94:L2GlobalInvalidate
// 8033DE2C:DMAErrorHandler
// 8033DF8C:__OSCacheInit

// os.o
800000F8:__OSBusClock

// OSTime.o
80344b98:OSGetTime

// runtime.o
803645A4:_savefpr_14
803645A8:_savefpr_15
803645AC:_savefpr_16
803645B0:_savefpr_17
803645B4:_savefpr_18
803645B8:_savefpr_19
803645BC:_savefpr_20
803645C0:_savefpr_21
803645C4:_savefpr_22
803645C8:_savefpr_23
803645CC:_savefpr_24
803645D0:_savefpr_25
803645D4:_savefpr_26
803645D8:_savefpr_27
803645DC:_savefpr_28
803645E0:_savefpr_29
803645E4:_savefpr_30
803645E8:_savefpr_31
8036463C:_savegpr_14
80364640:_savegpr_15
80364644:_savegpr_16
80364648:_savegpr_17
8036464C:_savegpr_18
80364650:_savegpr_19
80364654:_savegpr_20
80364658:_savegpr_21
8036465C:_savegpr_22
80364660:_savegpr_23
80364664:_savegpr_24
80364668:_savegpr_25
8036466C:_savegpr_26
80364670:_savegpr_27
80364674:_savegpr_28
80364678:_savegpr_29
8036467C:_savegpr_30
80364680:_savegpr_31
803648F8:__umoddi3

// mem.o
80368528:memcmp

// printf.o
80368978:sprintf
80368A58:snprintf

// string.o
8036AE30:strcmp
8036AF84:strncpy
8036AFC8:strcpy

// m_Do_controller_pad.o
// data
803D7428:cpadInfo

// d_com_inf_game.o
// data
80400300:dComIfG_gameInfo

// d_kankyo.o
// data
80426B94:env_light

// JFWSystem.o
// data
8044B2F8:systemConsole

//d_item_data.o
803a6700:item_resource
803a7ee8:field_item_res
803a8ed8:item_info

800c2ddc:commonProcInitNotSameProc
8038809c:crouchVars
800b2604:itemTriggerCheck
800ac488:getMainBckData
800dd050:setShieldGuard
800bfa28:setItemActor
801fa690:dMw_DOWN_TRIGGER
800c6714:procDiveJumpInit
800c76c8:procCrouchInit
800b26c0:spActionTrigger
800b26f0:swordSwingTrigger
800dce28:checkUpperGuardAnime
80389d28:m_anmDataTable
801413b8:offNoResetFlg2
80141168:onNoResetFlg2
8015ea94:checkBombItem
800cf2bc:checkHorseRide
80268f14:cXyzAdd
80268fb4:cXyzMultiply
800b8968:checkReadyItem
80141450:ChkGroundHit
80019d98:fopAcM_create
80019e04:fopAcM_fastCreate
800c5ea0:procAutoJumpInit
800e5bec:setGrabItemActor
8002e83c:dComIfGp_addSelectItemNum
803876e4:something
800e3df4:setGrabUpperAnime
800f94ac:procCrawlMoveInit
800baf40:checkNextActionFromCrouch
80019c7c:fopAcM_delete
80023578:fpcSch_JudgeForPName
800197f8:fopAcIt_Judge
80140084:setClothesChange
8002eeb0:setSelectEquipClothes
800ad044:setSingleAnime
80033ec8:isFirstBit
8044b4a8:mAudioMgrPtr
802addc4:z2SeMgr_seStart
80218d94:setAlphaButtonMapAnimeMax
8001b068:fopAcM_orderTalkEvent
801018c8:checkZoraWearMaskDraw
800d9714:procCoLargeDamageInit
8021ab38:changeTextureItemB
8042a2c8:g_meter2_info
802567d0:setBlackWhite
80216164:setAlphaOxygenAnimeMax
802160e8:setAlphaOxygenAnimeMin
80141a04:dMeter2Info_setFloatingMessage
8021ed2c:dMeter2Info_setShield
80125674:setWoodShieldBurnOutEffect
80104990:procSwimDiveInit
800b95b8:swordUnequip
8012120c:setFootEffectProcType
800ade4c:setBlendMoveAnime
800d7800:checkMagicArmorNoDamage
801412fc:checkEquipHeavyBoots
800c33f0:procWaitInit
800ba108:checkNextAction
800b6a68:checkFrontWallTypeAction
8038773c:moveVars
800c4984:procFrontRollInit
800c1314:deleteEquipItem
800d12a0:setSwordModel
800d4334:procCutJumpInit
80387c04:cutTurnVars
80387e98:cutLargeJumpVars
80387b6c:cutFinalJumpVars
802d7fd4:JKRArchivePub_getGlbResource
80215584:drawKanteraScreen
801047f0:procSwimMove
800d72f4:setDamagePoint
800cc834:drawLink
800dc8fc:setArrowShieldActor
800dd14c:setGuardSe
800d7c78:checkDamageAction
80025014:dStage_playerInit
800c8738:execute_
800c3704:procMoveInit
800c3768:procMove
80211bec:drawMeter
802a9e60:setMessageCode_inSequence
802208d8:moveKantera
800d2f90:procCutNormalInit
800dd41c:procGuardSlipInit
801044ec:procSwimWait
80103090:checkSwimUpAction
80097ecc:execItemGet
800c353c:procWait
800b32e8:checkAtnWaitAnime
800c6224:procAutoJump
800c6d58:procFall
800dde90:procGuardBreakInit
800d4814:procCutTurnInit
800d3510:procCutFinishInit
800d4ca0:procCutTurnChargeInit
800d6270:procCutLargeJumpChargeInit
800d63ac:procCutLargeJumpInit
800c5360:procSideRollInit
800d3b14:procCutFinishJumpUpInit
800d5cc0:procCutHeadInit
800c3dd8:procSideStepInit
800c38a0:procAtnMove
800c57dc:procBackJumpInit
800c3a7c:procAtnActorMove
801157b4:procIronBallThrowInit
8011528c:checkUpperItemActionIronBall
80115a28:procIronBallReturnInit
800c06b0:checkCastleTownUseItem
800ffae8:procClimbMoveUpDownInit
800ffde8:procClimbMoveSideInit
80100290:procClimbWait
800ff488:procClimbUpStartInit
800fb57c:procHangWait
800fb7c8:procHangMove
800fb1dc:procHangFallStart
8002ef94:setSelectEquipShield
800b341c:checkRestHPAnime
800e6428:procGrabThrowInit
800e5cf4:procGrabReadyInit
800fdf88:procLadderMove
800b9180:checkSideRollAction
800dda48:procGuardAttackInit
80220c74:moveOxygen
80428d08:g_drawHIO
80033e94:offFirstBit
800349bc:isEventBit
8003498c:onEventBit
800b96dc:itemUnequip
80215a50:setAlphaMagicChange
80389c54:m_mainBckShield
8014145c:checkNoResetFlg0
802aa094:getResource_groupID
80388dac:swimStuff
80272970:cLib_addCalcAngleS
800d0108:ChkRoofHit
800c3904:procAtnActorWaitInit
80115c58:checkEventRun
803880e8:jumpStuff
80433b60:sincosTable_
800c6a80:procFallInit
80215eb0:drawOxygen
80225304:alphaAnimeOxygen
800e6764:procGrabPutInit
8044aea4:mStayNo
8009da98:checkStageName
80388260:wallMoveVars
801036d0:setSwimMoveAnime
80102a00:checkNextActionSwim
80101a50:getSwimFrontMaxSpeed
80101d2c:setWaterInAnmRate
80031ff4:checkWaterBomb
800b942c:swordEquip
800ad410:setUpperAnime
80387f0c:cutVars
80388bd0:itemVars
80387bc0:cutJumpVars
8038801c:guardVars
800f95f0:procCrawlMove
8025b494:changeGameScene
800e1568:checkCopyRodAnime
800e15c4:setCopyRodControllAnime
800e1e58:procCopyRodSubjectInit
800ad3e0:setUpperAnimeBaseSpeed
800bfe34:checkMagicArmorWearAbility
800349a4:offEventBit
8036b080:strlen
802ffe00:changeTexturee
80182b24:checkRide
8044b158:m_midnaActor
800f8930:decideCrawlDoStatus
80389b28:l_crawlStandUpOffset
80349208:PSMTXMultVec
803492e8:PSMTXMultVecSR
80389af8:l_crawlFrontUpOffset
80389b10:l_crawlBackUpOffset
80389ba0:l_crawlMinSideOffset
800f8a18:checkNotCrawlStand
800f8a88:checkNotCrawlStand2
800b2010:getSlidePolygon
800f9db4:procCrawlEndInit
802fb53c:searchhh
8021747c:drawButtonA
800de040:procTurnMoveInit
80269d84:randVal
800d5400:procCutDownInit
800e2100:procCopyRodSwingInit
800f9248:procCrawlStartInit
8009b804:check_itemno
8026508c:do_link
800de3b8:procTurnMove
800d0e40:checkLightSwordMtrl
80126f88:changeLink
00bb35c:setMagicArmorBrk
800d4f34:procCutTurnMove
800bf7d4:setMetamorphoseModel
801e88f4:optionInitialize
801e7614:setAttenString
801e42f8:atten_move
801e77dc:setVibString
801e78c0:setSoundString
801e47b4:vib_move
801e4a9c:sound_move
801e2f50:deleteOptionsMenu
801e373c:optionsMenuMove
801e5110:confirm_open_init
80211680:drawMeter2Init
80217d1c:drawButtonR
80209e30:buttonMeterString
801e54f4:confirm_close_init
8015cf38:itemGetNextExecute
8015b424:CreateInitItem
8001c3e0:fopAcM_fastCreateItem2
8021d660:readItemTexture
80265358:do_unlink
800bb440:checkMagicArmorHeavy
800d2af4:checkCutLargeTurnState
800332f8:setLineUpItem
800e1c7c:checkNextActionCopyRod
80032fb8:setItem
800d7240:damageMagnification
800bf15c:seStartOnlyReverb
801419d4:setLinkState
8015c0a4:procInitSimpleGetDemo
80387ff0:turnMoveVars
802ae94c:z2SeMgr_seStartLevel